<?xml version="1.0" encoding="UTF-8"?>
<testsuite name="User Sign In" tests="1" skipped="0" failures="1" errors="0" timestamp="2020-07-20T22:52:32" hostname="LAPTOP-NFM24RP9" time="22.903">
  <properties/>
  <testcase name="AdvantageDemo Platform Sign in" classname="User Sign In" time="22.903">
    <failure message="java.lang.IllegalArgumentException: Keys to send should be a not null CharSequence" type="java.lang.IllegalArgumentException">java.lang.IllegalArgumentException: Keys to send should be a not null CharSequence
	at org.openqa.selenium.remote.RemoteWebElement.sendKeys(RemoteWebElement.java:97)
	at net.serenitybdd.core.pages.WebElementFacadeImpl.type(WebElementFacadeImpl.java:720)
	at net.serenitybdd.screenplay.actions.EnterValueIntoTarget.performAs(EnterValueIntoTarget.java:18)
	at net.serenitybdd.screenplay.actions.EnterValueIntoTarget$$EnhancerByCGLIB$$4e987eb1.CGLIB$performAs$0(&lt;generated&gt;)
	at net.serenitybdd.screenplay.actions.EnterValueIntoTarget$$EnhancerByCGLIB$$4e987eb1$$FastClassByCGLIB$$da8429ac.invoke(&lt;generated&gt;)
	at net.sf.cglib.proxy.MethodProxy.invokeSuper(MethodProxy.java:228)
	at net.thucydides.core.steps.StepInterceptor.invokeMethod(StepInterceptor.java:478)
	at net.thucydides.core.steps.StepInterceptor.executeTestStepMethod(StepInterceptor.java:463)
	at net.thucydides.core.steps.StepInterceptor.runTestStep(StepInterceptor.java:438)
	at net.thucydides.core.steps.StepInterceptor.runOrSkipMethod(StepInterceptor.java:179)
	at net.thucydides.core.steps.StepInterceptor.testStepResult(StepInterceptor.java:166)
	at net.thucydides.core.steps.StepInterceptor.intercept(StepInterceptor.java:72)
	at net.serenitybdd.screenplay.actions.EnterValueIntoTarget$$EnhancerByCGLIB$$4e987eb1.performAs(&lt;generated&gt;)
	at net.serenitybdd.screenplay.Actor.performTask(Actor.java:223)
	at net.serenitybdd.screenplay.Actor.perform(Actor.java:204)
	at net.serenitybdd.screenplay.Actor.attemptsTo(Actor.java:161)
	at com.advantageonlineshop.advantagedemosuite.tasks.Complete.performAs(Complete.java:26)
	at com.advantageonlineshop.advantagedemosuite.tasks.Complete$$EnhancerByCGLIB$$7fda5216.CGLIB$performAs$0(&lt;generated&gt;)
	at com.advantageonlineshop.advantagedemosuite.tasks.Complete$$EnhancerByCGLIB$$7fda5216$$FastClassByCGLIB$$f93ace3e.invoke(&lt;generated&gt;)
	at net.sf.cglib.proxy.MethodProxy.invokeSuper(MethodProxy.java:228)
	at net.thucydides.core.steps.StepInterceptor.invokeMethod(StepInterceptor.java:478)
	at net.thucydides.core.steps.StepInterceptor.executeTestStepMethod(StepInterceptor.java:463)
	at net.thucydides.core.steps.StepInterceptor.runTestStep(StepInterceptor.java:438)
	at net.thucydides.core.steps.StepInterceptor.runOrSkipMethod(StepInterceptor.java:179)
	at net.thucydides.core.steps.StepInterceptor.testStepResult(StepInterceptor.java:166)
	at net.thucydides.core.steps.StepInterceptor.intercept(StepInterceptor.java:72)
	at com.advantageonlineshop.advantagedemosuite.tasks.Complete$$EnhancerByCGLIB$$7fda5216.performAs(&lt;generated&gt;)
	at net.serenitybdd.screenplay.Actor.performTask(Actor.java:223)
	at net.serenitybdd.screenplay.Actor.perform(Actor.java:204)
	at net.serenitybdd.screenplay.Actor.attemptsTo(Actor.java:161)
	at com.advantageonlineshop.advantagedemosuite.stepdefinitions.SignIn.iFillAllTheRequiredFields(SignIn.java:52)
	at ✽.I fill all the required fields(src/test/resources/features/signIn.feature:11)
</failure>
  </testcase>
  <system-out><![CDATA[















]]></system-out>
  <system-err><![CDATA[jul 20, 2020 5:52:32 PM org.openqa.selenium.remote.DesiredCapabilities chrome
INFORMACIÓN: Using `new ChromeOptions()` is preferred to `DesiredCapabilities.chrome()`
Starting ChromeDriver 83.0.4103.39 (ccbf011cb2d2b19b506d844400483861342c20cd-refs/branch-heads/4103@{#416}) on port 30872
Only local connections are allowed.
Please see https://chromedriver.chromium.org/security-considerations for suggestions on keeping ChromeDriver safe.
ChromeDriver was started successfully.
[1595285556.998][WARNING]: This version of ChromeDriver has not been tested with Chrome version 84.
jul 20, 2020 5:52:38 PM org.openqa.selenium.remote.ProtocolHandshake createSession
INFORMACIÓN: Detected dialect: W3C
]]></system-err>
</testsuite>
